<?xml version="1.0" encoding="UTF-8"?>
<!-- Generated by org.testng.reporters.JUnitReportReporter -->
<testsuite hostname="Mayank-PC" name="Testcase.VerifyHomePage" tests="1" failures="0" timestamp="23 Jul 2017 04:11:13 GMT" time="22.065" errors="0">
  <testcase name="testHomePage" time="22.065" classname="Testcase.VerifyHomePage"/>
</testsuite> <!-- Testcase.VerifyHomePage -->
